# JRE version: Java(TM) SE Runtime Environment (8.0_271-b09) (build 1.8.0_271-b09)
# Java VM: Java HotSpot(TM) Client VM (25.271-b09 mixed mode, sharing windows-x86 )
Heap:
 def new generation   total 4928K, used 3934K [0x04800000, 0x04d50000, 0x09d50000)
  eden space 4416K,  88% used [0x04800000, 0x04bd0ff0, 0x04c50000)
  from space 512K,   5% used [0x04c50000, 0x04c56ab8, 0x04cd0000)
  to   space 512K,   0% used [0x04cd0000, 0x04cd0000, 0x04d50000)
 tenured generation   total 10944K, used 2603K [0x09d50000, 0x0a800000, 0x14800000)
   the space 10944K,  23% used [0x09d50000, 0x09fdadf8, 0x09fdae00, 0x0a800000)
 Metaspace       used 2206K, capacity 4129K, committed 4160K, reserved 4480K
GC Heap History (10 events):
Event: 0.634 GC heap before
{Heap before GC invocations=1 (full 0):
 def new generation   total 4928K, used 4839K [0x04800000, 0x04d50000, 0x09d50000)
  eden space 4416K,  97% used [0x04800000, 0x04c39c18, 0x04c50000)
  from space 512K, 100% used [0x04cd0000, 0x04d50000, 0x04d50000)
  to   space 512K,   0% used [0x04c50000, 0x04c50000, 0x04cd0000)
 tenured generation   total 10944K, used 617K [0x09d50000, 0x0a800000, 0x14800000)
   the space 10944K,   5% used [0x09d50000, 0x09dea7a8, 0x09dea800, 0x0a800000)
 Metaspace       used 1107K, capacity 3120K, committed 3136K, reserved 4480K
Event: 0.636 GC heap after
Heap after GC invocations=2 (full 0):
 def new generation   total 4928K, used 512K [0x04800000, 0x04d50000, 0x09d50000)
  eden space 4416K,   0% used [0x04800000, 0x04800000, 0x04c50000)
  from space 512K, 100% used [0x04c50000, 0x04cd0000, 0x04cd0000)
  to   space 512K,   0% used [0x04cd0000, 0x04cd0000, 0x04d50000)
 tenured generation   total 10944K, used 1345K [0x09d50000, 0x0a800000, 0x14800000)
   the space 10944K,  12% used [0x09d50000, 0x09ea0590, 0x09ea0600, 0x0a800000)
 Metaspace       used 1107K, capacity 3120K, committed 3136K, reserved 4480K
}
Event: 0.842 GC heap before
{Heap before GC invocations=2 (full 0):
 def new generation   total 4928K, used 4928K [0x04800000, 0x04d50000, 0x09d50000)
  eden space 4416K, 100% used [0x04800000, 0x04c50000, 0x04c50000)
  from space 512K, 100% used [0x04c50000, 0x04cd0000, 0x04cd0000)
  to   space 512K,   0% used [0x04cd0000, 0x04cd0000, 0x04d50000)
 tenured generation   total 10944K, used 1345K [0x09d50000, 0x0a800000, 0x14800000)
   the space 10944K,  12% used [0x09d50000, 0x09ea0590, 0x09ea0600, 0x0a800000)
 Metaspace       used 2059K, capacity 4001K, committed 4032K, reserved 4480K
Event: 0.843 GC heap after
Heap after GC invocations=3 (full 0):
 def new generation   total 4928K, used 512K [0x04800000, 0x04d50000, 0x09d50000)
  eden space 4416K,   0% used [0x04800000, 0x04800000, 0x04c50000)
  from space 512K, 100% used [0x04cd0000, 0x04d50000, 0x04d50000)
  to   space 512K,   0% used [0x04c50000, 0x04c50000, 0x04cd0000)
 tenured generation   total 10944K, used 2184K [0x09d50000, 0x0a800000, 0x14800000)
   the space 10944K,  19% used [0x09d50000, 0x09f722a8, 0x09f72400, 0x0a800000)
 Metaspace       used 2059K, capacity 4001K, committed 4032K, reserved 4480K
}
Event: 1.056 GC heap before
{Heap before GC invocations=3 (full 0):
 def new generation   total 4928K, used 4635K [0x04800000, 0x04d50000, 0x09d50000)
  eden space 4416K,  93% used [0x04800000, 0x04c06d60, 0x04c50000)
  from space 512K, 100% used [0x04cd0000, 0x04d50000, 0x04d50000)
  to   space 512K,   0% used [0x04c50000, 0x04c50000, 0x04cd0000)
 tenured generation   total 10944K, used 2184K [0x09d50000, 0x0a800000, 0x14800000)
   the space 10944K,  19% used [0x09d50000, 0x09f722a8, 0x09f72400, 0x0a800000)
 Metaspace       used 2197K, capacity 4129K, committed 4160K, reserved 4480K
Event: 1.057 GC heap after
Heap after GC invocations=4 (full 0):
 def new generation   total 4928K, used 205K [0x04800000, 0x04d50000, 0x09d50000)
  eden space 4416K,   0% used [0x04800000, 0x04800000, 0x04c50000)
  from space 512K,  40% used [0x04c50000, 0x04c83700, 0x04cd0000)
  to   space 512K,   0% used [0x04cd0000, 0x04cd0000, 0x04d50000)
 tenured generation   total 10944K, used 2603K [0x09d50000, 0x0a800000, 0x14800000)
   the space 10944K,  23% used [0x09d50000, 0x09fdadf8, 0x09fdae00, 0x0a800000)
 Metaspace       used 2197K, capacity 4129K, committed 4160K, reserved 4480K
}
Event: 1.282 GC heap before
{Heap before GC invocations=4 (full 0):
 def new generation   total 4928K, used 4104K [0x04800000, 0x04d50000, 0x09d50000)
  eden space 4416K,  88% used [0x04800000, 0x04bce928, 0x04c50000)
  from space 512K,  40% used [0x04c50000, 0x04c83700, 0x04cd0000)
  to   space 512K,   0% used [0x04cd0000, 0x04cd0000, 0x04d50000)
 tenured generation   total 10944K, used 2603K [0x09d50000, 0x0a800000, 0x14800000)
   the space 10944K,  23% used [0x09d50000, 0x09fdadf8, 0x09fdae00, 0x0a800000)
 Metaspace       used 2197K, capacity 4129K, committed 4160K, reserved 4480K
Event: 1.282 GC heap after
Heap after GC invocations=5 (full 0):
 def new generation   total 4928K, used 25K [0x04800000, 0x04d50000, 0x09d50000)
  eden space 4416K,   0% used [0x04800000, 0x04800000, 0x04c50000)
  from space 512K,   5% used [0x04cd0000, 0x04cd6708, 0x04d50000)
  to   space 512K,   0% used [0x04c50000, 0x04c50000, 0x04cd0000)
 tenured generation   total 10944K, used 2603K [0x09d50000, 0x0a800000, 0x14800000)
   the space 10944K,  23% used [0x09d50000, 0x09fdadf8, 0x09fdae00, 0x0a800000)
 Metaspace       used 2197K, capacity 4129K, committed 4160K, reserved 4480K
}
Event: 1.504 GC heap before
{Heap before GC invocations=5 (full 0):
 def new generation   total 4928K, used 3854K [0x04800000, 0x04d50000, 0x09d50000)
  eden space 4416K,  86% used [0x04800000, 0x04bbd3f8, 0x04c50000)
  from space 512K,   5% used [0x04cd0000, 0x04cd6708, 0x04d50000)
  to   space 512K,   0% used [0x04c50000, 0x04c50000, 0x04cd0000)
 tenured generation   total 10944K, used 2603K [0x09d50000, 0x0a800000, 0x14800000)
   the space 10944K,  23% used [0x09d50000, 0x09fdadf8, 0x09fdae00, 0x0a800000)
 Metaspace       used 2197K, capacity 4129K, committed 4160K, reserved 4480K
Event: 1.504 GC heap after
Heap after GC invocations=6 (full 0):
 def new generation   total 4928K, used 26K [0x04800000, 0x04d50000, 0x09d50000)
  eden space 4416K,   0% used [0x04800000, 0x04800000, 0x04c50000)
  from space 512K,   5% used [0x04c50000, 0x04c56ab8, 0x04cd0000)
  to   space 512K,   0% used [0x04cd0000, 0x04cd0000, 0x04d50000)
 tenured generation   total 10944K, used 2603K [0x09d50000, 0x0a800000, 0x14800000)
   the space 10944K,  23% used [0x09d50000, 0x09fdadf8, 0x09fdae00, 0x0a800000)
 Metaspace       used 2197K, capacity 4129K, committed 4160K, reserved 4480K
}

